<?xml version="1.0" encoding="UTF-8"?>
<!-- Generated by org.testng.reporters.JUnitReportReporter -->
<testsuite hostname="DESKTOP-SENPLGD" name="testPackage.Maven1" tests="1" failures="0" timestamp="1 Dec 2020 12:54:51 GMT" time="10.251" errors="0">
  <testcase name="test" time="10.251" classname="testPackage.Maven1"/>
</testsuite> <!-- testPackage.Maven1 -->
