<?xml version="1.0" encoding="UTF-8"?>
<!-- Generated by org.testng.reporters.JUnitReportReporter -->
<testsuite hostname="DESKTOP-SENPLGD" name="testPackage.ExtentDemo" tests="2" failures="0" timestamp="8 Dec 2020 06:43:39 GMT" time="22.718" errors="0">
  <testcase name="Validate" time="0.026" classname="testPackage.ExtentDemo"/>
  <testcase name="OpenUrl" time="22.692" classname="testPackage.ExtentDemo"/>
</testsuite> <!-- testPackage.ExtentDemo -->
